2023-03-16 11:03:09,178 - pyswarms.single.global_best - INFO - Optimize for 500 iters with {'c1': 0.5, 'c2': 0.3, 'w': 0.9}
2023-03-16 11:37:17,220 - pyswarms.single.global_best - INFO - Optimize for 500 iters with {'c1': 0.5, 'c2': 0.3, 'w': 0.9}
2023-03-16 12:54:23,710 - pyswarms.single.global_best - INFO - Optimize for 500 iters with {'c1': 0.5, 'c2': 0.3, 'w': 0.9}
2023-03-16 12:59:49,682 - pyswarms.single.global_best - INFO - Optimize for 500 iters with {'c1': 0.5, 'c2': 0.3, 'w': 0.9}
2023-03-16 13:04:12,888 - pyswarms.single.global_best - INFO - Optimize for 500 iters with {'c1': 0.5, 'c2': 0.3, 'w': 0.9}
2023-03-16 13:06:03,213 - pyswarms.single.global_best - INFO - Optimize for 500 iters with {'c1': 0.5, 'c2': 0.3, 'w': 0.9}
2023-03-16 13:06:46,506 - pyswarms.single.global_best - INFO - Optimize for 500 iters with {'c1': 0.5, 'c2': 0.3, 'w': 0.9}
2023-03-16 13:07:27,761 - pyswarms.single.global_best - INFO - Optimize for 500 iters with {'c1': 0.5, 'c2': 0.3, 'w': 0.9}
2023-03-16 13:07:48,358 - pyswarms.single.global_best - INFO - Optimization finished | best cost: 1.3862943611198908, best pos: [1.90386443 0.99462124 2.33662768 1.73214438 1.49304387 0.92951221
 1.2736379  1.67654275 1.87011287 1.59684873 1.79593975 1.18252731
 1.16012958 2.78763999 1.86785038 1.74626468 1.97737726 0.63022534
 1.47859116 1.00334344 0.9141882  2.50339159 1.76043323 2.21021964
 0.86614173 0.2286556  1.93521755 2.66324057 1.63580278 1.37722909
 1.96820047 1.59135576 1.38008402 1.69868243 2.03055917 1.44675858
 1.82846345 1.67610349 1.67875368 2.42033058 1.91904446 3.48826399
 1.73457434 0.9299378  3.12285248 2.38461927 3.14720889 2.22897934
 1.25246285 2.131837   0.36486039 1.33210961 2.81293498 0.47651868
 0.86596    1.22286324 0.98032129 1.39987113 0.86750146 1.11849701
 1.79998889 1.52740304 1.25725658 1.70155165 1.80070866 1.90025265
 0.57073434 1.48905929 1.24626854 1.67575812 2.19596712 2.64750118
 1.1493788  1.75111488 2.06798035 2.29285663 3.08545497 1.02007438
 1.41257239 1.82897301 1.25793797 1.59139038 2.47917087 1.39986982
 1.53327412 1.55759039 3.22038145 1.40113936 1.35563283 1.3275385
 1.35636595 2.3145501  1.71228249 3.38326804 1.43249997 2.74663272
 1.04146444 0.65979756 1.16696046 1.8172581  2.03464243 1.5200777
 1.88759249 0.96893933 2.42201161 1.44463464 0.90327779 0.75017622
 2.05437935 0.85075035 2.41510466 2.21393263 1.59222615 1.95083517
 1.22419235 1.5732144  1.44628744 1.85597008 2.03897809 2.31278578
 1.65783044 2.07964682 1.46811112 1.86560044 1.12654336 2.01700876
 2.97793022 1.66544749 1.871826   1.50941596 1.36069721 1.92621373
 1.02648907 2.53107533 1.44248257 0.69597178 1.50061666 1.21103071
 1.63491643 1.69177162 2.10604402 1.84496313 1.69878856 1.15475143
 2.11082787 0.50701579 1.55267831 1.55956023 0.84969409 1.6813716
 2.28097004 1.61523935 1.9797033  2.04301054 2.35473644 1.95779034
 1.72750918 2.3087295  1.10738171 1.74265049 0.57729756 1.63279796
 1.82697262 0.74794143 1.79955559 1.1692574  1.62606142 1.49492262
 1.95088452 1.69850482 1.21421738 1.8427545  1.17099966 0.72298904
 0.77231015 1.39871659 1.53701851 2.31530942 1.40007149 1.51473929
 1.43265791 1.87970016 2.95737663 2.41353804 3.27605733 1.83129364
 2.09600687 2.39172202 1.38786926 1.05506522 1.58157995 2.24893616
 1.82667571 1.28731116 2.11939915 1.38019817 2.11376697 1.91005749
 1.37814804 2.39153485 1.63158461 2.34922137]
2023-03-16 13:37:39,499 - pyswarms.single.global_best - INFO - Optimize for 500 iters with {'c1': 0.5, 'c2': 0.3, 'w': 0.9}
2023-03-16 13:38:05,966 - pyswarms.single.global_best - INFO - Optimization finished | best cost: 1.386294361129777, best pos: [ 1.08502621  1.04098704  0.46155568  1.77182695  1.26268764  0.66056103
  0.85424788  0.03850053  1.06660973  1.08547084  0.64719024  0.95362881
  0.83755246  1.01876373  0.78549063  1.95100998  1.10787975  0.65350715
  0.80530369  0.68831263 -0.76758627  0.809597    0.83411492  0.60944817
  0.6680732   1.31335423  0.91663439  1.00878228  0.77887869  0.63593386
  0.80821811  0.40877498  0.3205243   0.54055187  0.56669586  1.05790627
  0.54901052  0.85941609  0.16531771  1.43759157  1.18178638  0.6543616
  1.23388364  1.37169251  2.0070783   0.38713649  0.48607517  0.98573477
  0.66347848  0.77209301  0.58461799  0.91279008 -0.09884759  1.04424679
  1.02402535  0.48625622  0.34997938  0.43199261  0.13262643  0.89367616
  0.48873087  0.7711703   0.91533633  1.31613972  0.99469745  0.65269218
 -0.26456824  0.5830256   0.82788584  0.94969096  1.37171592  0.78421508
  0.66477319  0.9208227   0.9682398   0.33836915  0.56615383  0.87595292
  0.63898281  0.94330369  1.04839591  0.01035415  0.60350858  1.18346039
  0.41713534  0.87386754  0.60819129  0.57795877  1.23984825  0.62885194
  0.82677531  0.29294956  0.78059586  0.81933977  0.78155783  0.66962905
  0.92704091  1.07656221  0.5149649   0.34149501  0.75214917  0.7899992
  0.38616533  0.72939072  1.04422707  0.60536209  0.45239501  0.19640427
  0.84949316  0.28319393  1.08062894  1.48473378  0.23244791  0.89918273
  0.75744726  2.00889853  0.81444385  0.56448394  0.34188104  0.63832674
  0.8063408   0.43799017  0.5034848   0.90985752  0.64671959  0.9716152
  0.97655264  0.87525883  0.55724786  0.99688422  0.60057317  0.29180512
  0.71938677  0.39086829  0.55252803  0.78358802  0.86182406  0.34845639
  1.19570658  0.54079091  0.75590621  0.51431835  0.80222457  0.55070765
  0.96989896  0.80605293  0.54450043  0.48675229  1.45121008  0.12824042
  0.60677729  0.41391121  1.72645693  0.50141903  0.79023698  0.57740112
  0.77382899  1.63669108  0.32286537  0.56463188  0.77643819  0.93775324
  0.55063469  1.19065213  0.72825321  0.61536485  1.1290695   0.97596943
  0.81754491  0.99220405  0.44804735  1.20119073  0.37900316  0.9357988
  0.93854777  1.39638549  1.36292697  0.9267246   1.08744227  0.78850768
  0.36124612  0.23475053  1.35957022  0.77333068  0.47330966  1.23543968
  1.09300817  0.63039762  0.53064919  0.51925325  0.35517997  0.52339269
  1.00811866  0.93952698  1.27601318  0.85884521  0.43804788  0.53175569
  1.12033408  0.76615647  0.79020103  0.0501801 ]
2023-03-16 13:39:59,159 - pyswarms.single.global_best - INFO - Optimize for 500 iters with {'c1': 0.5, 'c2': 0.3, 'w': 0.9}
2023-03-16 13:40:22,743 - pyswarms.single.global_best - INFO - Optimization finished | best cost: 1.386294361424174, best pos: [ 1.49807257  0.81101311  0.76300776  0.9796193   0.80268201 -0.08486204
  0.50481678  0.87993481  0.13720237  0.93851096  0.88888186  0.5255824
  0.61465819  1.01411476  1.21649108  1.07491272  0.94653155  1.06832024
  0.72374908  0.40799996  0.61234318  0.36373907  1.08392534  0.8841091
  0.75953634  0.8945229   0.11281236  1.066617    0.53735373  0.98973337
  0.48776968  0.79468033  0.89237732  0.79117578  1.00095161  0.80535016
  1.14336334  0.97711425  0.86403229  0.75868354  0.64176536  0.19449605
  1.02406341  0.66548214  0.39311942  0.37897525  0.63577696  0.44581378
  0.8301179   1.3356232   0.59614539  1.05050394  0.43744537  0.2861643
  0.77359939  0.28661028  1.14458262  1.64665445  0.66596816  0.63595305
  0.26281283  1.01410131  0.94417638  0.95778845  0.25798436  0.15292051
  0.86626811  0.82280568  0.54895279  1.53644363  0.692474    1.0192933
  1.14596144  0.83526087  0.64803964  0.65891672  1.30782453  0.75553306
  0.52356474  1.03111322  0.2236183   0.53974589  0.73777964  1.08749754
  1.37226472  1.48502731  1.17752646  0.4401119   1.35295136  0.20326264
  0.72351423  1.16589369  0.58581626  0.87495553  0.33354194  0.73268431
  1.514478    0.55176149  0.85288399  0.97699719  0.74892251  0.02852155
  1.02100648  0.40766393  0.41516915  0.67925537  0.82817395  0.67952952
  0.76395374  0.4987762   0.93066931  0.62078024  1.07205798  1.20748213
  0.76256221  0.50715561  0.59761984  0.74221063  0.55033969  0.50217607
  0.60078846  1.50914888  0.78551012  0.70974186  1.73060215  0.44326597
  0.68778092  1.14100039  1.19553682  0.93347276  0.62707963  0.93168263
  1.17722783  0.50861418  1.02285942  0.87469444  0.68316891  1.17257867
  0.37326757  1.36382799  1.18509547  0.86148537  0.8670239   0.89467097
  0.70283966  1.02805785  0.60423547  0.86199994  1.02710494 -0.14349987
  1.17801345  0.47799674  0.02510646 -0.02310742  0.7693132   0.44420786
  0.93174     0.21132718  1.67954607  0.60634568  1.08490055  1.41163662
  0.38827498  1.25966357  0.11238949  0.85193594  1.13146829  0.14770314
  0.97874453  1.28758197  0.52323096  0.75241398  0.71637399  1.11196265
  1.45604678  0.42049543  0.74183097 -0.22320159  0.71731493  0.81138827
  0.47492381  1.38847355  1.2669748   1.02948769  1.17311752  0.3435322
 -0.09917295  1.24220854  0.44086571  0.91993298  0.4459165   0.49712754
  0.97783235 -0.44803089  0.99770831 -0.14068339  0.64500251  1.05887525
  0.59487302  0.19845065 -0.40974866  0.43787943]
2023-03-16 13:44:13,075 - pyswarms.single.global_best - INFO - Optimize for 500 iters with {'c1': 0.5, 'c2': 0.3, 'w': 0.9}
2023-03-16 13:44:35,220 - pyswarms.single.global_best - INFO - Optimization finished | best cost: 1.3862943612860443, best pos: [ 1.2174527   1.15072203  0.76556114  0.88481644  1.14883992  1.73526287
  0.61365571  1.08720892  1.16032751  1.22270843  1.96040093  0.66409662
  1.13541402  1.01152695  0.79875884  1.36840916  2.06475494  1.50431288
  1.60719142  1.16519111  0.71206548  1.42678647  1.65005592  1.10363884
  0.81769127  1.54682646  0.32739402  0.82793977  1.07308043  0.52317697
  2.62433464 -0.19538092  0.96266251  1.14814101  1.33610429  0.80063063
  0.83350906  1.51759174  1.20352887  0.75753198  1.65534854  0.81845979
  0.26002957  1.22743607  0.68026831  0.93846501  0.70274585  0.51892309
  1.19764311  1.0395413   1.18013293  0.68616811  0.19838925  1.772171
  0.94517065  1.87413628  1.33753547  1.71631962  1.52311252  1.30237911
  0.58260052  2.02610995  0.51265262  1.32346196  1.27911522  1.22757999
  0.66592628  2.02746315  1.0880167   1.39230817  1.33940359  1.99517276
  0.53645229  0.70060368  0.34867244  1.79423027  1.10656377  0.72842578
  0.61895884  0.49814385  2.18496531  1.17376948  1.07278895  1.47039772
  0.83195453  1.51071782  0.96668324  1.27078823  1.58451465  1.38612654
  0.38905349  1.26437427  0.68523773  0.46741711  1.06678984  0.90134041
  0.16710828  0.33409237  0.55713812  1.16284195  1.75876065  0.70611466
  1.39336689  0.46043656  2.45365946  1.91998633  0.64884538  1.2384339
  1.04901439  0.62426529  1.15926041  0.37134079  1.12557126  0.66124581
  1.50217433  0.90602725  0.6170506   1.36737234  0.33057314  0.53063367
  0.732349    1.87873364  0.86158063  1.88252133  1.27687099  0.9094091
  1.38982253  1.66487036  0.24233115  1.47505424  0.72711611  1.7089008
  1.21266435  0.68953299  1.4150793   1.11195673  1.09616247  1.41278727
  1.94701111  1.30326888  1.41305115  1.63718844  1.39703966  0.89357104
  0.88905035  0.29376384  1.27008287  1.48730724  0.81563317  0.86441692
  1.01946409  1.20009264  0.94047958  0.95350831  0.66094723  1.42993566
  0.85511663  0.24154656  1.72085211  1.44132867  0.7918201   0.70003392
  1.73334628  1.81908093  1.50629014  2.20741562  1.07890058  0.44355935
  1.39048295  0.6476561   0.96720035  2.04314584  1.23200074  1.95127973
  0.89298983  2.0650479   0.88278498  0.78682033  0.96445527  0.8612855
  0.08749861  0.81109998  1.41070258  1.80698435  1.6493111   1.42726531
  1.6685149   0.93679091  1.2329345   0.69552103  0.99504249  0.78904078
  1.25138414  1.28847127  1.49582611  0.14144865  1.77584863  1.42057961
  1.00899345  0.95101594  1.71383698  1.93664744]
2023-03-16 13:45:01,554 - pyswarms.single.global_best - INFO - Optimize for 500 iters with {'c1': 0.5, 'c2': 0.3, 'w': 0.9}
2023-03-16 13:45:25,735 - pyswarms.single.global_best - INFO - Optimization finished | best cost: 1.3862943611235043, best pos: [ 1.10402605  1.08298281  0.88648658  1.04179997  0.59758226  0.54448866
  1.15780498  0.52663302  1.38834918  1.31876609  0.02601989  0.9237661
  1.82508488  1.2940983   1.52616487  1.1248875   0.83507254  2.32194626
  1.44975882  0.24349048  1.38852556  0.77005713  1.57935656  1.1758037
  0.1750536   0.71571165  0.90978822  1.19600362  1.51312239  1.40630606
  1.90058905  1.2454371   0.70882065  0.73458537  2.74354449  1.31142528
  0.91784321  1.39799039  1.22017581  0.49131247  0.96777026  1.33920172
  1.1656576   1.06006004  0.46154927  0.56514067  1.69027003  0.48697983
  1.73128215  1.32497403  0.72228243  1.44921641  0.12569654  0.76200086
  0.55389285  1.43096425  0.71868207  1.05538834  0.45249999  0.23347983
  1.76342475  1.01010407  1.10230025 -0.14994944  1.5161904   1.22864061
  1.20099384  1.94542835  1.93282998  1.74019011 -0.11279478  0.91996019
  2.0953404   0.01011412  0.68364955  1.08648601  0.26879284  1.39322617
  0.3336087   0.46495273  0.39193225  1.36079367  0.40899644  0.61810029
  0.9411558   2.34487552  1.62792817  1.12007119  0.93133905  0.31251215
  1.69183737  0.88057209  1.12481082  0.21479477  0.75427751  1.05935528
  1.05704924  2.23808583  2.24875293  1.85958297  0.90457329  1.1025089
  1.338723    0.27635705  0.8210581   0.25969022 -0.58691838  0.64163415
  0.70399018  1.19680826  0.12631381  0.30237902  1.64274251  1.53620039
  0.37406999  1.41908061  0.83312527  0.74672587  2.08738028  0.61957217
  1.55760272  0.63315847  0.11980595  0.77985447  1.15979405  1.17859184
  1.57072978  1.47380744  0.16430915  1.97913069  2.91832024  0.03921781
  0.67908842  1.59920967  0.79187147  1.22782005  1.52495863  0.66937494
  1.04485068  0.08756829  0.2384926   0.93444436  0.85891671  1.5970124
  1.02343064  1.11092507  1.84376519  1.78274921  1.73007127  0.81083645
  0.55234091  1.1813771   0.95252308  2.02216099  1.61510309  0.81779744
  0.53580068  1.30992666  1.6584359   0.63347955  0.44224729  0.39111017
  1.3199526   0.91610866  0.58571307  1.70155698  1.35023571  1.55437906
  0.96690626  0.41208572  1.32327803  0.81314725  2.71531662  1.23250299
  1.50345378  1.98315233  0.9176343   1.20060129  0.29892663  0.24455464
  2.49118297  1.11497623  0.54633572  0.22655258  0.88929594  1.595492
  0.02714846  2.71905237  0.17968443  0.24616866  1.34536923  1.18519468
  1.12541008  0.05609047  1.60457717  1.10949077  0.79593091  0.32719847
  1.10515583  1.77832154  0.23230417  0.95832062]
2023-03-16 13:46:14,772 - pyswarms.single.global_best - INFO - Optimize for 500 iters with {'c1': 0.5, 'c2': 0.3, 'w': 0.9}
2023-03-16 13:46:34,913 - pyswarms.single.global_best - INFO - Optimize for 500 iters with {'c1': 0.5, 'c2': 0.3, 'w': 0.9}
2023-03-16 13:46:57,374 - pyswarms.single.global_best - INFO - Optimization finished | best cost: 1.3862943611198906, best pos: [ 1.96298486  0.85234507  2.11334438  1.63312147  1.65289901  1.57784614
  2.06521844  1.58851395  0.62695271  1.07918184  2.1630862   1.77598762
  0.99269794  1.9815484   1.63816725  1.23886683  1.84874277  2.5222494
  2.28739645  1.89285166  1.46808569  0.70663578  1.63330866  0.81336487
  1.9234462   2.36653118  0.75769022  2.25205659  1.67915652  1.19751597
  1.23341557  0.9345606   1.09215817  2.23882822  1.54244905  1.04570651
  1.89458956  2.61632499  2.21926967  1.74121239  2.0564971   0.53537066
  1.68804609  2.0487227   1.75553314  1.7930712   1.97950085  1.95916094
  0.72280198  0.76024391  1.63960742  1.65677259  1.89990365  0.77415237
  0.81542784  0.95718125  2.1784191   1.44023453  0.92674461  1.83442156
  0.28975935  1.66417471  0.32434329  0.79069855  0.70490867  1.97051705
  1.2167895   1.19049481  1.61475503  2.2934584   1.22780615  0.39471534
  1.37654182  2.19596917  1.48546424  1.38891217  0.79612269  1.24648427
  1.99100634  1.99399729  1.14372655  3.05696068  1.48162135  2.12333922
  1.50313706  2.30418186 -0.18540351  2.2483856   1.14592754  2.12624563
  2.12592894  0.92752814  1.27873991  1.62000167  2.15934873  1.7241678
  1.65508711  1.35094805  0.99255334  1.91450277  1.06166541  1.30440112
  0.91458768  1.11541443  1.01584615  2.20781404  0.92449823  0.79454079
  0.5621622   2.15322004  1.25666764  1.69427506  2.10178031  2.16806497
  1.76432853  0.53585429  2.17314652  1.25579964  2.84346061  1.86886573
  0.84394649  1.55448396  1.71027485  2.01797489  1.70753825  2.05146898
  1.52913356  1.17465372  0.6748755   0.32186337  1.5806208   0.84410158
  1.64729404  1.15286083  1.41363214  0.74283606  2.44370884  1.84149715
  0.87772061  0.56467856  2.24572888  1.6897932   0.67114309  1.23869069
  2.63472818  2.98679684  1.78787106  2.0741552   1.8546596   1.10842246
  2.12754825  2.09825253  0.60995434  2.97358646  1.16955516  2.19466896
  1.33171733  1.46168826  2.39307541  2.64571855  0.87802707  0.76622363
  0.7177015   0.83221269  1.91928261  1.51209779  1.24729368  0.25746991
  2.39296921  1.16672568  1.49020318  0.95712101  1.76438842  0.76254605
  1.52032316  1.788682    1.11583454  2.10875452  1.48347877  1.91204908
  1.83467427  1.22143987  1.1724768   1.78074638  2.43920209  2.71524338
  0.93581386  2.02239073  1.59716621  1.54566304  0.64366769  1.88383413
  2.49065179  1.87469671  0.77065251  1.88546858  1.81849147  0.81938005
  2.51048753  2.45284019  1.03255408  1.50975503]
